[debug] [2024-01-08T09:16:23.254Z] ----------------------------------------------------------------------
[debug] [2024-01-08T09:16:23.255Z] Command:       /usr/local/bin/node /Users/23LP3707/.npm/_npx/7750544ccf494d8b/node_modules/.bin/firebase init
[debug] [2024-01-08T09:16:23.256Z] CLI Version:   13.0.2
[debug] [2024-01-08T09:16:23.256Z] Platform:      darwin
[debug] [2024-01-08T09:16:23.256Z] Node Version:  v18.17.1
[debug] [2024-01-08T09:16:23.257Z] Time:          Mon Jan 08 2024 17:16:23 GMT+0800 (Ulaanbaatar Standard Time)
[debug] [2024-01-08T09:16:23.257Z] ----------------------------------------------------------------------
[debug] 
[debug] [2024-01-08T09:16:23.262Z] > command requires scopes: ["email","openid","https://www.googleapis.com/auth/cloudplatformprojects.readonly","https://www.googleapis.com/auth/firebase","https://www.googleapis.com/auth/cloud-platform"]
[debug] [2024-01-08T09:16:23.263Z] > authorizing via signed-in user (batbaatarbattsetseg122@gmail.com)
[info] 
     ######## #### ########  ######## ########     ###     ######  ########
     ##        ##  ##     ## ##       ##     ##  ##   ##  ##       ##
     ######    ##  ########  ######   ########  #########  ######  ######
     ##        ##  ##    ##  ##       ##     ## ##     ##       ## ##
     ##       #### ##     ## ######## ########  ##     ##  ######  ########

You're about to initialize a Firebase project in this directory:

  /Users/23LP3707/Desktop/portfolia

[info] 
=== Project Setup
[info] 
[info] First, let's associate this project directory with a Firebase project.
[info] You can create multiple project aliases by running firebase use --add, 
[info] but for now we'll just set up a default project.
[info] 
[debug] [2024-01-08T09:16:30.435Z] >>> [apiv2][query] GET https://firebase.googleapis.com/v1beta1/projects pageSize=100
[debug] [2024-01-08T09:16:31.248Z] <<< [apiv2][status] GET https://firebase.googleapis.com/v1beta1/projects 200
[debug] [2024-01-08T09:16:31.248Z] <<< [apiv2][body] GET https://firebase.googleapis.com/v1beta1/projects [omitted]
